#
# There is insufficient memory for the Java Runtime Environment to continue.
# Native memory allocation (malloc) failed to allocate 829456 bytes for Chunk::new
# Possible reasons:
#   The system is out of physical RAM or swap space
#   The process is running with CompressedOops enabled, and the Java Heap may be blocking the growth of the native heap
# Possible solutions:
#   Reduce memory load on the system
#   Increase physical memory or swap space
#   Check if swap backing store is full
#   Decrease Java heap size (-Xmx/-Xms)
#   Decrease number of Java threads
#   Decrease Java thread stack sizes (-Xss)
#   Set larger code cache with -XX:ReservedCodeCacheSize=
#   JVM is running with Unscaled Compressed Oops mode in which the Java heap is
#     placed in the first 4GB address space. The Java Heap base address is the
#     maximum limit for the native heap growth. Please use -XX:HeapBaseMinAddress
#     to set the Java Heap base and to place the Java Heap above 4GB virtual address.
# This output file may be truncated or incomplete.
#
#  Out of Memory Error (allocation.cpp:389), pid=900, tid=0x00000000000007f4
#
# JRE version: OpenJDK Runtime Environment (Zulu 8.52.0.23-CA-win64) (8.0_282-b08) (build 1.8.0_282-b08)
# Java VM: OpenJDK 64-Bit Server VM (25.282-b08 mixed mode windows-amd64 compressed oops)
# Failed to write core dump. Minidumps are not enabled by default on client versions of Windows
#

---------------  T H R E A D  ---------------

Current thread (0x0000000019c30000):  JavaThread "C2 CompilerThread2" daemon [_thread_in_native, id=2036, stack(0x000000001a7e0000,0x000000001a8e0000)]

Stack: [0x000000001a7e0000,0x000000001a8e0000]
[error occurred during error reporting (printing stack bounds), id 0xc0000005]

Native frames: (J=compiled Java code, j=interpreted, Vv=VM code, C=native code)


Current CompileTask:
C2:  39280 2905       4       java.net.URLClassLoader$1::run (5 bytes)


---------------  P R O C E S S  ---------------

Java Threads: ( => current thread )
  0x000000001c0e6800 JavaThread "Okio Watchdog" daemon [_thread_blocked, id=3868, stack(0x0000000020dd0000,0x0000000020ed0000)]
  0x000000001e083000 JavaThread "OkHttp ConnectionPool" daemon [_thread_blocked, id=13920, stack(0x0000000020cd0000,0x0000000020dd0000)]
  0x000000001de5a000 JavaThread "ForkJoinPool.commonPool-worker-3" daemon [_thread_blocked, id=21628, stack(0x0000000020bd0000,0x0000000020cd0000)]
  0x000000001cbb0000 JavaThread "Exec Stream Pumper" daemon [_thread_in_native, id=13096, stack(0x00000000205d0000,0x00000000206d0000)]
  0x000000001f27d800 JavaThread "Exec Stream Pumper" daemon [_thread_in_native, id=21000, stack(0x00000000204d0000,0x00000000205d0000)]
  0x000000001e176000 JavaThread "UrlChecker-2" daemon [_thread_blocked, id=18032, stack(0x000000001f000000,0x000000001f100000)]
  0x000000001ecb5800 JavaThread "Exec Default Executor" daemon [_thread_in_native, id=6620, stack(0x000000001d7d0000,0x000000001d8d0000)]
  0x0000000019c75000 JavaThread "Service Thread" daemon [_thread_blocked, id=10860, stack(0x000000001aae0000,0x000000001abe0000)]
  0x0000000019c31000 JavaThread "C1 CompilerThread3" daemon [_thread_blocked, id=17032, stack(0x000000001a8e0000,0x000000001a9e0000)]
=>0x0000000019c30000 JavaThread "C2 CompilerThread2" daemon [_thread_in_native, id=2036, stack(0x000000001a7e0000,0x000000001a8e0000)]
  0x0000000019c2d800 JavaThread "C2 CompilerThread1" daemon [_thread_blocked, id=3824, stack(0x000000001a6e0000,0x000000001a7e0000)]
  0x0000000019c1e800 JavaThread "C2 CompilerThread0" daemon [_thread_in_native, id=13476, stack(0x000000001a5e0000,0x000000001a6e0000)]
  0x0000000019c1d800 JavaThread "Attach Listener" daemon [_thread_blocked, id=14116, stack(0x000000001a4e0000,0x000000001a5e0000)]
  0x0000000019c12800 JavaThread "Signal Dispatcher" daemon [_thread_blocked, id=1020, stack(0x000000001a3e0000,0x000000001a4e0000)]
  0x00000000194f8800 JavaThread "Finalizer" daemon [_thread_blocked, id=1932, stack(0x00000000199d0000,0x0000000019ad0000)]
  0x00000000176ee800 JavaThread "Reference Handler" daemon [_thread_blocked, id=18304, stack(0x00000000198d0000,0x00000000199d0000)]
  0x0000000002588800 JavaThread "Forwarding executeAsyncScript on session d4db1551e0f7a00c4108cb0a0d3e819b to remote" [_thread_in_native, id=23448, stack(0x0000000002470000,0x0000000002570000)]

Other Threads:
  0x00000000176e6000 VMThread [stack: 0x00000000193d0000,0x00000000194d0000] [id=15016]
  0x00000000198cb800 WatcherThread [stack: 0x000000001abe0000,0x000000001ace0000] [id=22992]

VM state:not at safepoint (normal execution)

VM Mutex/Monitor currently owned by a thread: None

heap address: 0x0000000080000000, size: 2048 MB, Compressed Oops mode: 32-bit
Narrow klass base: 0x0000000000000000, Narrow klass shift: 3
Compressed class space size: 1073741824 Address: 0x0000000100000000

Heap:
 PSYoungGen      total 176128K, used 53959K [0x00000000d5580000, 0x00000000e1080000, 0x0000000100000000)
  eden space 165888K, 26% used [0x00000000d5580000,0x00000000d80322b8,0x00000000df780000)
  from space 10240K, 99% used [0x00000000e0500000,0x00000000e0effa60,0x00000000e0f00000)
  to   space 12800K, 0% used [0x00000000df780000,0x00000000df780000,0x00000000e0400000)
 ParOldGen       total 67072K, used 12648K [0x0000000080000000, 0x0000000084180000, 0x00000000d5580000)
  object space 67072K, 18% used [0x0000000080000000,0x0000000080c5a148,0x0000000084180000)
 Metaspace       used 30352K, capacity 31248K, committed 31360K, reserved 1077248K
  class space    used 3618K, capacity 3871K, committed 3968K, reserved 1048576K

Card table byte_map: [0x0000000011a30000,0x0000000011e40000] byte_map_base: 0x0000000011630000

Marking Bits: (ParMarkBitMap*) 0x0000000073cd1f00
 Begin Bits: [0x00000000128f0000, 0x00000000148f0000)
 End Bits:   [0x00000000148f0000, 0x00000000168f0000)

Polling page: 0x00000000006d0000

CodeCache: size=245760Kb used=12031Kb max_used=12044Kb free=233728Kb
 bounds [0x0000000002670000, 0x0000000003240000, 0x0000000011670000]
 total_blobs=3584 nmethods=2893 adapters=601
 compilation: enabled

Compilation events (10 events):
Event: 39.088 Thread 0x0000000019c31000 nmethod 2913 0x0000000003231c10 code [0x00000000032320a0, 0x00000000032353f8]
Event: 39.094 Thread 0x0000000019c31000 2915   !   3       com.google.gson.internal.LinkedTreeMap::findByObject (18 bytes)
Event: 39.094 Thread 0x0000000019c31000 nmethod 2915 0x000000000322e290 code [0x000000000322e400, 0x000000000322e6a8]
Event: 39.095 Thread 0x0000000019c31000 2916       3       java.util.Formatter$FormatSpecifier::checkBadFlags (39 bytes)
Event: 39.095 Thread 0x0000000019c31000 nmethod 2916 0x000000000322d9d0 code [0x000000000322db80, 0x000000000322e018]
Event: 39.095 Thread 0x0000000019c31000 2917       3       java.util.Collections::unmodifiableList (27 bytes)
Event: 39.096 Thread 0x0000000019c31000 nmethod 2917 0x0000000003230dd0 code [0x0000000003230fa0, 0x00000000032317f8]
Event: 39.101 Thread 0x0000000019c2d800 nmethod 2914 0x000000000322ed50 code [0x000000000322eec0, 0x000000000322f598]
Event: 39.101 Thread 0x0000000019c2d800 2907       4       java.lang.Class::getClassLoader (28 bytes)
Event: 39.102 Thread 0x0000000019c2d800 nmethod 2907 0x000000000322b810 code [0x000000000322b940, 0x000000000322b9d8]

GC Heap History (10 events):
Event: 1.985 GC heap before
{Heap before GC invocations=5 (full 0):
 PSYoungGen      total 70656K, used 70650K [0x00000000d5580000, 0x00000000d9f80000, 0x0000000100000000)
  eden space 65536K, 100% used [0x00000000d5580000,0x00000000d9580000,0x00000000d9580000)
  from space 5120K, 99% used [0x00000000d9a80000,0x00000000d9f7ea68,0x00000000d9f80000)
  to   space 5120K, 0% used [0x00000000d9580000,0x00000000d9580000,0x00000000d9a80000)
 ParOldGen       total 86016K, used 446K [0x0000000080000000, 0x0000000085400000, 0x00000000d5580000)
  object space 86016K, 0% used [0x0000000080000000,0x000000008006fae0,0x0000000085400000)
 Metaspace       used 17204K, capacity 17440K, committed 17920K, reserved 1064960K
  class space    used 1846K, capacity 1940K, committed 2048K, reserved 1048576K
Event: 1.991 GC heap after
Heap after GC invocations=5 (full 0):
 PSYoungGen      total 70656K, used 5100K [0x00000000d5580000, 0x00000000de580000, 0x0000000100000000)
  eden space 65536K, 0% used [0x00000000d5580000,0x00000000d5580000,0x00000000d9580000)
  from space 5120K, 99% used [0x00000000d9580000,0x00000000d9a7b248,0x00000000d9a80000)
  to   space 8192K, 0% used [0x00000000ddd80000,0x00000000ddd80000,0x00000000de580000)
 ParOldGen       total 86016K, used 3917K [0x0000000080000000, 0x0000000085400000, 0x00000000d5580000)
  object space 86016K, 4% used [0x0000000080000000,0x00000000803d34d0,0x0000000085400000)
 Metaspace       used 17204K, capacity 17440K, committed 17920K, reserved 1064960K
  class space    used 1846K, capacity 1940K, committed 2048K, reserved 1048576K
}
Event: 2.532 GC heap before
{Heap before GC invocations=6 (full 0):
 PSYoungGen      total 70656K, used 67446K [0x00000000d5580000, 0x00000000de580000, 0x0000000100000000)
  eden space 65536K, 95% used [0x00000000d5580000,0x00000000d9262710,0x00000000d9580000)
  from space 5120K, 99% used [0x00000000d9580000,0x00000000d9a7b248,0x00000000d9a80000)
  to   space 8192K, 0% used [0x00000000ddd80000,0x00000000ddd80000,0x00000000de580000)
 ParOldGen       total 86016K, used 3917K [0x0000000080000000, 0x0000000085400000, 0x00000000d5580000)
  object space 86016K, 4% used [0x0000000080000000,0x00000000803d34d0,0x0000000085400000)
 Metaspace       used 20740K, capacity 21014K, committed 21296K, reserved 1069056K
  class space    used 2311K, capacity 2425K, committed 2432K, reserved 1048576K
Event: 2.539 GC heap after
Heap after GC invocations=6 (full 0):
 PSYoungGen      total 137728K, used 8182K [0x00000000d5580000, 0x00000000de880000, 0x0000000100000000)
  eden space 129536K, 0% used [0x00000000d5580000,0x00000000d5580000,0x00000000dd400000)
  from space 8192K, 99% used [0x00000000ddd80000,0x00000000de57dbe8,0x00000000de580000)
  to   space 9728K, 0% used [0x00000000dd400000,0x00000000dd400000,0x00000000ddd80000)
 ParOldGen       total 86016K, used 4628K [0x0000000080000000, 0x0000000085400000, 0x00000000d5580000)
  object space 86016K, 5% used [0x0000000080000000,0x00000000804851f0,0x0000000085400000)
 Metaspace       used 20740K, capacity 21014K, committed 21296K, reserved 1069056K
  class space    used 2311K, capacity 2425K, committed 2432K, reserved 1048576K
}
Event: 2.539 GC heap before
{Heap before GC invocations=7 (full 1):
 PSYoungGen      total 137728K, used 8182K [0x00000000d5580000, 0x00000000de880000, 0x0000000100000000)
  eden space 129536K, 0% used [0x00000000d5580000,0x00000000d5580000,0x00000000dd400000)
  from space 8192K, 99% used [0x00000000ddd80000,0x00000000de57dbe8,0x00000000de580000)
  to   space 9728K, 0% used [0x00000000dd400000,0x00000000dd400000,0x00000000ddd80000)
 ParOldGen       total 86016K, used 4628K [0x0000000080000000, 0x0000000085400000, 0x00000000d5580000)
  object space 86016K, 5% used [0x0000000080000000,0x00000000804851f0,0x0000000085400000)
 Metaspace       used 20740K, capacity 21014K, committed 21296K, reserved 1069056K
  class space    used 2311K, capacity 2425K, committed 2432K, reserved 1048576K
Event: 2.601 GC heap after
Heap after GC invocations=7 (full 1):
 PSYoungGen      total 137728K, used 0K [0x00000000d5580000, 0x00000000de880000, 0x0000000100000000)
  eden space 129536K, 0% used [0x00000000d5580000,0x00000000d5580000,0x00000000dd400000)
  from space 8192K, 0% used [0x00000000ddd80000,0x00000000ddd80000,0x00000000de580000)
  to   space 9728K, 0% used [0x00000000dd400000,0x00000000dd400000,0x00000000ddd80000)
 ParOldGen       total 67072K, used 10093K [0x0000000080000000, 0x0000000084180000, 0x00000000d5580000)
  object space 67072K, 15% used [0x0000000080000000,0x00000000809db5a0,0x0000000084180000)
 Metaspace       used 20740K, capacity 21014K, committed 21296K, reserved 1069056K
  class space    used 2311K, capacity 2425K, committed 2432K, reserved 1048576K
}
Event: 3.087 GC heap before
{Heap before GC invocations=8 (full 1):
 PSYoungGen      total 137728K, used 129536K [0x00000000d5580000, 0x00000000de880000, 0x0000000100000000)
  eden space 129536K, 100% used [0x00000000d5580000,0x00000000dd400000,0x00000000dd400000)
  from space 8192K, 0% used [0x00000000ddd80000,0x00000000ddd80000,0x00000000de580000)
  to   space 9728K, 0% used [0x00000000dd400000,0x00000000dd400000,0x00000000ddd80000)
 ParOldGen       total 67072K, used 10093K [0x0000000080000000, 0x0000000084180000, 0x00000000d5580000)
  object space 67072K, 15% used [0x0000000080000000,0x00000000809db5a0,0x0000000084180000)
 Metaspace       used 22058K, capacity 22398K, committed 22704K, reserved 1069056K
  class space    used 2418K, capacity 2542K, committed 2560K, reserved 1048576K
Event: 3.089 GC heap after
Heap after GC invocations=8 (full 1):
 PSYoungGen      total 139264K, used 2773K [0x00000000d5580000, 0x00000000e0f00000, 0x0000000100000000)
  eden space 129536K, 0% used [0x00000000d5580000,0x00000000d5580000,0x00000000dd400000)
  from space 9728K, 28% used [0x00000000dd400000,0x00000000dd6b56f0,0x00000000ddd80000)
  to   space 10240K, 0% used [0x00000000e0500000,0x00000000e0500000,0x00000000e0f00000)
 ParOldGen       total 67072K, used 10101K [0x0000000080000000, 0x0000000084180000, 0x00000000d5580000)
  object space 67072K, 15% used [0x0000000080000000,0x00000000809dd5a0,0x0000000084180000)
 Metaspace       used 22058K, capacity 22398K, committed 22704K, reserved 1069056K
  class space    used 2418K, capacity 2542K, committed 2560K, reserved 1048576K
}
Event: 4.937 GC heap before
{Heap before GC invocations=9 (full 1):
 PSYoungGen      total 139264K, used 132309K [0x00000000d5580000, 0x00000000e0f00000, 0x0000000100000000)
  eden space 129536K, 100% used [0x00000000d5580000,0x00000000dd400000,0x00000000dd400000)
  from space 9728K, 28% used [0x00000000dd400000,0x00000000dd6b56f0,0x00000000ddd80000)
  to   space 10240K, 0% used [0x00000000e0500000,0x00000000e0500000,0x00000000e0f00000)
 ParOldGen       total 67072K, used 10101K [0x0000000080000000, 0x0000000084180000, 0x00000000d5580000)
  object space 67072K, 15% used [0x0000000080000000,0x00000000809dd5a0,0x0000000084180000)
 Metaspace       used 28423K, capacity 29214K, committed 29568K, reserved 1075200K
  class space    used 3371K, capacity 3608K, committed 3712K, reserved 1048576K
Event: 4.947 GC heap after
Heap after GC invocations=9 (full 1):
 PSYoungGen      total 176128K, used 10238K [0x00000000d5580000, 0x00000000e1080000, 0x0000000100000000)
  eden space 165888K, 0% used [0x00000000d5580000,0x00000000d5580000,0x00000000df780000)
  from space 10240K, 99% used [0x00000000e0500000,0x00000000e0effa60,0x00000000e0f00000)
  to   space 12800K, 0% used [0x00000000df780000,0x00000000df780000,0x00000000e0400000)
 ParOldGen       total 67072K, used 12648K [0x0000000080000000, 0x0000000084180000, 0x00000000d5580000)
  object space 67072K, 18% used [0x0000000080000000,0x0000000080c5a148,0x0000000084180000)
 Metaspace       used 28423K, capacity 29214K, committed 29568K, reserved 1075200K
  class space    used 3371K, capacity 3608K, committed 3712K, reserved 1048576K
}

Deoptimization events (10 events):
Event: 5.033 Thread 0x0000000002588800 Uncommon trap: reason=class_check action=maybe_recompile pc=0x00000000030bc218 method=java.io.DataInputStream.readChar()C @ 4
Event: 5.033 Thread 0x0000000002588800 Uncommon trap: reason=class_check action=maybe_recompile pc=0x00000000030bc218 method=java.io.DataInputStream.readChar()C @ 4
Event: 5.033 Thread 0x0000000002588800 Uncommon trap: reason=class_check action=maybe_recompile pc=0x00000000030bc218 method=java.io.DataInputStream.readChar()C @ 4
Event: 5.810 Thread 0x0000000002588800 Uncommon trap: reason=class_check action=maybe_recompile pc=0x000000000312ea04 method=org.openqa.selenium.json.Input.init()V @ 18
Event: 5.810 Thread 0x0000000002588800 Uncommon trap: reason=class_check action=maybe_recompile pc=0x000000000312ea04 method=org.openqa.selenium.json.Input.init()V @ 18
Event: 5.810 Thread 0x0000000002588800 Uncommon trap: reason=class_check action=maybe_recompile pc=0x000000000312ea04 method=org.openqa.selenium.json.Input.init()V @ 18
Event: 5.810 Thread 0x0000000002588800 Uncommon trap: reason=class_check action=maybe_recompile pc=0x000000000312ea04 method=org.openqa.selenium.json.Input.init()V @ 18
Event: 5.869 Thread 0x0000000002588800 Uncommon trap: reason=bimorphic action=maybe_recompile pc=0x0000000002ba571c method=java.util.HashMap.putVal(ILjava/lang/Object;Ljava/lang/Object;ZZ)Ljava/lang/Object; @ 203
Event: 5.870 Thread 0x0000000002588800 Uncommon trap: reason=bimorphic action=maybe_recompile pc=0x0000000002ba571c method=java.util.HashMap.putVal(ILjava/lang/Object;Ljava/lang/Object;ZZ)Ljava/lang/Object; @ 203
Event: 5.870 Thread 0x0000000002588800 Uncommon trap: reason=bimorphic action=maybe_recompile pc=0x0000000002ba571c method=java.util.HashMap.putVal(ILjava/lang/Object;Ljava/lang/Object;ZZ)Ljava/lang/Object; @ 203

Classes redefined (0 events):
No events

Internal exceptions (10 events):
Event: 39.049 Thread 0x0000000002588800 Exception <a 'java/security/PrivilegedActionException'> (0x00000000d7613918) thrown at [C:\jenkins\workspace\zulu8-silver-build-win64\zulu-src\hotspot\src\share\vm\prims\jvm.cpp, line 1529]
Event: 39.054 Thread 0x0000000002588800 Exception <a 'java/security/PrivilegedActionException'> (0x00000000d782a908) thrown at [C:\jenkins\workspace\zulu8-silver-build-win64\zulu-src\hotspot\src\share\vm\prims\jvm.cpp, line 1529]
Event: 39.054 Thread 0x0000000002588800 Exception <a 'java/security/PrivilegedActionException'> (0x00000000d782aee8) thrown at [C:\jenkins\workspace\zulu8-silver-build-win64\zulu-src\hotspot\src\share\vm\prims\jvm.cpp, line 1529]
Event: 39.054 Thread 0x0000000002588800 Exception <a 'java/security/PrivilegedActionException'> (0x00000000d783d9e0) thrown at [C:\jenkins\workspace\zulu8-silver-build-win64\zulu-src\hotspot\src\share\vm\prims\jvm.cpp, line 1529]
Event: 39.054 Thread 0x0000000002588800 Exception <a 'java/security/PrivilegedActionException'> (0x00000000d783dfc0) thrown at [C:\jenkins\workspace\zulu8-silver-build-win64\zulu-src\hotspot\src\share\vm\prims\jvm.cpp, line 1529]
Event: 39.064 Thread 0x0000000002588800 Exception <a 'java/lang/ClassNotFoundException': Script1BeanInfo> (0x00000000d7a65b48) thrown at [C:\jenkins\workspace\zulu8-silver-build-win64\zulu-src\hotspot\src\share\vm\classfile\systemDictionary.cpp, line 220]
Event: 39.066 Thread 0x0000000002588800 Exception <a 'java/lang/ClassNotFoundException': Script1Customizer> (0x00000000d7aef9b8) thrown at [C:\jenkins\workspace\zulu8-silver-build-win64\zulu-src\hotspot\src\share\vm\classfile\systemDictionary.cpp, line 220]
Event: 39.082 Thread 0x0000000002588800 Exception <a 'java/lang/ClassNotFoundException': com/kms/katalon/core/webui/keyword/builtin/SetTextKeywordBeanInfo> (0x00000000d7dba9b0) thrown at [C:\jenkins\workspace\zulu8-silver-build-win64\zulu-src\hotspot\src\share\vm\classfile\systemDictionary.cpp,
Event: 39.085 Thread 0x0000000002588800 Exception <a 'java/lang/ClassNotFoundException': com/kms/katalon/core/webui/keyword/builtin/SetTextKeywordCustomizer> (0x00000000d7e9aa30) thrown at [C:\jenkins\workspace\zulu8-silver-build-win64\zulu-src\hotspot\src\share\vm\classfile\systemDictionary.cp
Event: 39.099 Thread 0x0000000002588800 Exception <a 'java/net/SocketTimeoutException': Read timed out> (0x00000000d80189d0) thrown at [C:\jenkins\workspace\zulu8-silver-build-win64\zulu-src\hotspot\src\share\vm\prims\jni.cpp, line 738]

Events (10 events):
Event: 39.082 loading class com/kms/katalon/core/webui/keyword/builtin/SetTextKeywordBeanInfo
Event: 39.082 loading class com/kms/katalon/core/webui/keyword/builtin/SetTextKeywordBeanInfo done
Event: 39.082 loading class com/kms/katalon/core/webui/keyword/builtin/SetTextKeywordCustomizer
Event: 39.082 loading class com/kms/katalon/core/webui/keyword/builtin/SetTextKeywordCustomizer done
Event: 39.082 loading class com/kms/katalon/core/webui/keyword/builtin/SetTextKeywordCustomizer
Event: 39.082 loading class com/kms/katalon/core/webui/keyword/builtin/SetTextKeywordCustomizer done
Event: 39.084 loading class com/kms/katalon/core/webui/keyword/builtin/SetTextKeywordCustomizer
Event: 39.084 loading class com/kms/katalon/core/webui/keyword/builtin/SetTextKeywordCustomizer done
Event: 39.090 loading class groovy/runtime/metaclass/com/kms/katalon/core/webui/keyword/builtin/SetTextKeyword$_setText_closure1MetaClass
Event: 39.090 loading class groovy/runtime/metaclass/com/kms/katalon/core/webui/keyword/builtin/SetTextKeyword$_setText_closure1MetaClass done


Dynamic libraries:
0x00007ff7c65f0000 - 0x00007ff7c6625000 	C:\Users\anubhav\Downloads\Katalon_Studio_Windows_64-8.6.0\Katalon_Studio_Windows_64-8.6.0\jre\bin\javaw.exe
0x00007ffaa1f40000 - 0x00007ffaa2149000 	C:\WINDOWS\SYSTEM32\ntdll.dll
0x00007ffaa0500000 - 0x00007ffaa05be000 	C:\WINDOWS\System32\KERNEL32.DLL
0x00007ffa9f620000 - 0x00007ffa9f99c000 	C:\WINDOWS\System32\KERNELBASE.dll
0x00007ffa9c3b0000 - 0x00007ffa9c441000 	C:\WINDOWS\SYSTEM32\apphelp.dll
0x00007ffaa0eb0000 - 0x00007ffaa0f5e000 	C:\WINDOWS\System32\ADVAPI32.dll
0x00007ffaa1100000 - 0x00007ffaa11a3000 	C:\WINDOWS\System32\msvcrt.dll
0x00007ffaa0da0000 - 0x00007ffaa0e3e000 	C:\WINDOWS\System32\sechost.dll
0x00007ffa9fed0000 - 0x00007ffa9fff0000 	C:\WINDOWS\System32\RPCRT4.dll
0x00007ffaa05c0000 - 0x00007ffaa076d000 	C:\WINDOWS\System32\USER32.dll
0x00007ffa9fa40000 - 0x00007ffa9fa66000 	C:\WINDOWS\System32\win32u.dll
0x00007ffaa03c0000 - 0x00007ffaa03e9000 	C:\WINDOWS\System32\GDI32.dll
0x00007ffa9fca0000 - 0x00007ffa9fdb8000 	C:\WINDOWS\System32\gdi32full.dll
0x00007ffa9f9a0000 - 0x00007ffa9fa3d000 	C:\WINDOWS\System32\msvcp_win.dll
0x00007ffa9f480000 - 0x00007ffa9f591000 	C:\WINDOWS\System32\ucrtbase.dll
0x00007ffa83dd0000 - 0x00007ffa84075000 	C:\WINDOWS\WinSxS\amd64_microsoft.windows.common-controls_6595b64144ccf1df_6.0.22000.120_none_9d947278b86cc467\COMCTL32.dll
0x00007ffaa1ec0000 - 0x00007ffaa1ef1000 	C:\WINDOWS\System32\IMM32.DLL
0x00000000732d0000 - 0x00000000733a2000 	C:\Users\anubhav\Downloads\Katalon_Studio_Windows_64-8.6.0\Katalon_Studio_Windows_64-8.6.0\jre\bin\msvcr100.dll
0x0000000073490000 - 0x0000000073d55000 	C:\Users\anubhav\Downloads\Katalon_Studio_Windows_64-8.6.0\Katalon_Studio_Windows_64-8.6.0\jre\bin\server\jvm.dll
0x00007ffa9fdc0000 - 0x00007ffa9fdc8000 	C:\WINDOWS\System32\PSAPI.DLL
0x00007ffa9cb60000 - 0x00007ffa9cb93000 	C:\WINDOWS\SYSTEM32\WINMM.dll
0x00007ffa97780000 - 0x00007ffa97789000 	C:\WINDOWS\SYSTEM32\WSOCK32.dll
0x00007ffa95f40000 - 0x00007ffa95f4a000 	C:\WINDOWS\SYSTEM32\VERSION.dll
0x00007ffaa0e40000 - 0x00007ffaa0eaf000 	C:\WINDOWS\System32\WS2_32.dll
0x00007ffa8d530000 - 0x00007ffa8d53f000 	C:\Users\anubhav\Downloads\Katalon_Studio_Windows_64-8.6.0\Katalon_Studio_Windows_64-8.6.0\jre\bin\verify.dll
0x00007ffa57620000 - 0x00007ffa57649000 	C:\Users\anubhav\Downloads\Katalon_Studio_Windows_64-8.6.0\Katalon_Studio_Windows_64-8.6.0\jre\bin\java.dll
0x00007ffa68950000 - 0x00007ffa68966000 	C:\Users\anubhav\Downloads\Katalon_Studio_Windows_64-8.6.0\Katalon_Studio_Windows_64-8.6.0\jre\bin\zip.dll
0x00007ffaa15c0000 - 0x00007ffaa1d85000 	C:\WINDOWS\System32\SHELL32.dll
0x00007ffa9d510000 - 0x00007ffa9dd75000 	C:\WINDOWS\SYSTEM32\windows.storage.dll
0x00007ffaa11c0000 - 0x00007ffaa1536000 	C:\WINDOWS\System32\combase.dll
0x00007ffa9d3a0000 - 0x00007ffa9d506000 	C:\WINDOWS\SYSTEM32\wintypes.dll
0x00007ffaa0410000 - 0x00007ffaa04fa000 	C:\WINDOWS\System32\SHCORE.dll
0x00007ffaa1040000 - 0x00007ffaa109d000 	C:\WINDOWS\System32\shlwapi.dll
0x00007ffa9f340000 - 0x00007ffa9f361000 	C:\WINDOWS\SYSTEM32\profapi.dll
0x00007ffa57600000 - 0x00007ffa5761b000 	C:\Users\anubhav\Downloads\Katalon_Studio_Windows_64-8.6.0\Katalon_Studio_Windows_64-8.6.0\jre\bin\net.dll
0x00007ffa9ea20000 - 0x00007ffa9ea87000 	C:\WINDOWS\system32\mswsock.dll
0x00007ffa57540000 - 0x00007ffa57551000 	C:\Users\anubhav\Downloads\Katalon_Studio_Windows_64-8.6.0\Katalon_Studio_Windows_64-8.6.0\jre\bin\nio.dll
0x00007ffa9e120000 - 0x00007ffa9e208000 	C:\WINDOWS\SYSTEM32\DNSAPI.dll
0x00007ffa9e0b0000 - 0x00007ffa9e0dd000 	C:\WINDOWS\SYSTEM32\IPHLPAPI.DLL
0x00007ffaa11b0000 - 0x00007ffaa11b9000 	C:\WINDOWS\System32\NSI.dll
0x00007ffa95aa0000 - 0x00007ffa95aaa000 	C:\Windows\System32\rasadhlp.dll
0x00007ffa95850000 - 0x00007ffa958d1000 	C:\WINDOWS\System32\fwpuclnt.dll
0x00007ffa4ec30000 - 0x00007ffa4ec54000 	C:\Users\anubhav\Downloads\Katalon_Studio_Windows_64-8.6.0\Katalon_Studio_Windows_64-8.6.0\jre\bin\sunec.dll
0x00007ffa8cc00000 - 0x00007ffa8cc0c000 	C:\Users\anubhav\Downloads\Katalon_Studio_Windows_64-8.6.0\Katalon_Studio_Windows_64-8.6.0\jre\bin\sunmscapi.dll
0x00007ffa9fa70000 - 0x00007ffa9fbd2000 	C:\WINDOWS\System32\CRYPT32.dll
0x00007ffa9edc0000 - 0x00007ffa9ede8000 	C:\WINDOWS\SYSTEM32\ncrypt.dll
0x00007ffa9ed80000 - 0x00007ffa9edb7000 	C:\WINDOWS\SYSTEM32\NTASN1.dll
0x00007ffa9ec60000 - 0x00007ffa9ec78000 	C:\WINDOWS\SYSTEM32\CRYPTSP.dll
0x00007ffa9e4e0000 - 0x00007ffa9e515000 	C:\WINDOWS\system32\rsaenh.dll
0x00007ffa9eb10000 - 0x00007ffa9eb39000 	C:\WINDOWS\SYSTEM32\USERENV.dll
0x00007ffa9edf0000 - 0x00007ffa9ee17000 	C:\WINDOWS\SYSTEM32\bcrypt.dll
0x00007ffa9f5a0000 - 0x00007ffa9f61f000 	C:\WINDOWS\System32\bcryptprimitives.dll
0x00007ffa9ec80000 - 0x00007ffa9ec8c000 	C:\WINDOWS\SYSTEM32\CRYPTBASE.dll
0x00007ffa94d60000 - 0x00007ffa94d79000 	C:\WINDOWS\SYSTEM32\dhcpcsvc6.DLL
0x00007ffa962e0000 - 0x00007ffa962fe000 	C:\WINDOWS\SYSTEM32\dhcpcsvc.DLL

VM Arguments:
jvm_args: -Dgroovy.home=C:\Users\anubhav/.groovy -Djava.system.class.loader=groovy.lang.GroovyClassLoader -Xmx2048m -Dfile.encoding=UTF-8 
java_command: org.codehaus.groovy.tools.GroovyStarter --classpath D:\Projects\Katalon\TrainingProject1\bin\keyword;D:\Projects\Katalon\TrainingProject1\Keywords;D:\Projects\Katalon\TrainingProject1\bin\listener;D:\Projects\Katalon\TrainingProject1\Test Listeners;D:\Projects\Katalon\TrainingProject1\bin\lib;D:\Projects\Katalon\TrainingProject1\Libs;D:\Projects\Katalon\TrainingProject1\bin\groovy;D:\Projects\Katalon\TrainingProject1\Include\scripts\groovy;C:\Users\anubhav\Downloads\Katalon_Studio_Windows_64-8.6.0\Katalon_Studio_Windows_64-8.6.0\plugins\com.kms.katalon.core_1.0.0.202303100818.jar;C:\Users\anubhav\Downloads\Katalon_Studio_Windows_64-8.6.0\Katalon_Studio_Windows_64-8.6.0\configuration\resources\lib\aalto-xml-1.0.0.jar;C:\Users\anubhav\Downloads\Katalon_Studio_Windows_64-8.6.0\Katalon_Studio_Windows_64-8.6.0\configuration\resources\lib\aspectjweaver-1.9.1.jar;C:\Users\anubhav\Downloads\Katalon_Studio_Windows_64-8.6.0\Katalon_Studio_Windows_64-8.6.0\configuration\resources\lib\bcpkix-jdk15on-1.64.jar;C:\Users\anubhav\Downloads\Katalon_Studio_Windows_64-8.6.0\Katalon_Studio_Windows_64-8.6.0\configuration\resources\lib\bcprov-jdk15on-1.64.jar;C:\Users\anubhav\Downloads\Katalon_Studio_Windows_64-8.6.0\Katalon_Studio_Windows_64-8.6.0\configuration\resources\lib\browsermob-core-2.1.5.jar;C:\Users\anubhav\Downloads\Katalon_Studio_Windows_64-8.6.0\Katalon_Studio_Windows_64-8.6.0\configuration\resources\lib\cglib-3.2.10.jar;C:\Users\anubhav\Downloads\Katalon_Studio_Windows_64-8.6.0\Katalon_Studio_Windows_64-8.6.0\configuration\resources\lib\commons-codec-1.10.jar;C:\Users\anubhav\Downloads\Katalon_Studio_Windows_64-8.6.0\Katalon_Studio_Windows_64-8.6.0\configuration\resources\lib\commons-collections4-4.1.jar;C:\Users\anubhav\Downloads\Katalon_Studio_Windows_64-8.6.0\Katalon_Studio_Windows_64-8.6.0\configuration\resources\lib\commons-validator-1.6.jar;C:\Users\anubhav\Downloads\Katalon_Studio_Windows_64-8.6.0\Katalon_Studio_Windows_64-8.6.0\configuration\resource
java_class_path (initial): D:\Projects\Katalon\TrainingProject1\bin\keyword;D:\Projects\Katalon\TrainingProject1\bin\listener;D:\Projects\Katalon\TrainingProject1\bin\lib;D:\Projects\Katalon\TrainingProject1\bin\groovy;D:\Projects\Katalon\TrainingProject1\bin;C:\Users\anubhav\Downloads\Katalon_Studio_Windows_64-8.6.0\Katalon_Studio_Windows_64-8.6.0\plugins\com.kms.katalon.core_1.0.0.202303100818.jar;C:\Users\anubhav\Downloads\Katalon_Studio_Windows_64-8.6.0\Katalon_Studio_Windows_64-8.6.0\configuration\resources\lib\aalto-xml-1.0.0.jar;C:\Users\anubhav\Downloads\Katalon_Studio_Windows_64-8.6.0\Katalon_Studio_Windows_64-8.6.0\configuration\resources\lib\aspectjweaver-1.9.1.jar;C:\Users\anubhav\Downloads\Katalon_Studio_Windows_64-8.6.0\Katalon_Studio_Windows_64-8.6.0\configuration\resources\lib\bcpkix-jdk15on-1.64.jar;C:\Users\anubhav\Downloads\Katalon_Studio_Windows_64-8.6.0\Katalon_Studio_Windows_64-8.6.0\configuration\resources\lib\bcprov-jdk15on-1.64.jar;C:\Users\anubhav\Downloads\Katalon_Studio_Windows_64-8.6.0\Katalon_Studio_Windows_64-8.6.0\configuration\resources\lib\browsermob-core-2.1.5.jar;C:\Users\anubhav\Downloads\Katalon_Studio_Windows_64-8.6.0\Katalon_Studio_Windows_64-8.6.0\configuration\resources\lib\cglib-3.2.10.jar;C:\Users\anubhav\Downloads\Katalon_Studio_Windows_64-8.6.0\Katalon_Studio_Windows_64-8.6.0\configuration\resources\lib\commons-codec-1.10.jar;C:\Users\anubhav\Downloads\Katalon_Studio_Windows_64-8.6.0\Katalon_Studio_Windows_64-8.6.0\configuration\resources\lib\commons-collections4-4.1.jar;C:\Users\anubhav\Downloads\Katalon_Studio_Windows_64-8.6.0\Katalon_Studio_Windows_64-8.6.0\configuration\resources\lib\commons-validator-1.6.jar;C:\Users\anubhav\Downloads\Katalon_Studio_Windows_64-8.6.0\Katalon_Studio_Windows_64-8.6.0\configuration\resources\lib\curvesapi-1.04.jar;C:\Users\anubhav\Downloads\Katalon_Studio_Windows_64-8.6.0\Katalon_Studio_Windows_64-8.6.0\configuration\resources\lib\dnsjava-2.1.8.jar;C:\Users\anubhav\Downloads\Katalon_S
Launcher Type: SUN_STANDARD

Environment Variables:
JAVA_HOME=C:\Program Files\Java\jdk-17
PATH=C:/Users/anubhav/Downloads/Katalon_Studio_Windows_64-8.6.0/Katalon_Studio_Windows_64-8.6.0/jre/bin/server;C:/Users/anubhav/Downloads/Katalon_Studio_Windows_64-8.6.0/Katalon_Studio_Windows_64-8.6.0/jre/bin;C:/Users/anubhav/Downloads/Katalon_Studio_Windows_64-8.6.0/Katalon_Studio_Windows_64-8.6.0/jre/lib/amd64;C:\Program Files\Common Files\Oracle\Java\javapath;D:\oracle\product\10.2.0\db_3\bin;D:\oracle\product\10.2.0\db_2\bin;D:\oracle\product\10.2.0\db_1\bin;D:\oracle\product\10.2.0\db_4\bin;D:\oracle\product\10.2.0\db_6\bin;D:\oracle\product\10.2.0\db_5\bin;C:\Windows\system32;C:\Windows;C:\Windows\System32\Wbem;C:\Windows\System32\WindowsPowerShell\v1.0\;C:\Windows\System32\OpenSSH\;C:\Program Files (x86)\NVIDIA Corporation\PhysX\Common;C:\Program Files\NVIDIA Corporation\NVIDIA NvDLISR;C:\Program Files\Common Files\Autodesk Shared\;C:\WINDOWS\system32;C:\WINDOWS;C:\WINDOWS\System32\Wbem;C:\WINDOWS\System32\WindowsPowerShell\v1.0\;C:\WINDOWS\System32\OpenSSH\;C:\Program Files\dotnet\;C:\Program Files\apache-maven-3.8.4\bin;C:\Program Files\apache-maven-3.8.6-bin\apache-maven-3.8.6\bin;C:\Program Files\Git\cmd;C:\Program Files\nodejs\;C:\Program Files\Java\jdk-17\bin;C:\Users\anubhav\AppData\Local\Programs\Python\Python310\Scripts\;C:\Users\anubhav\AppData\Local\Programs\Python\Python310\;C:\Users\anubhav\AppData\Local\Microsoft\WindowsApps;C:\Users\anubhav\AppData\Local\Programs\Microsoft VS Code\bin;C:\Program Files\apache-maven-3.8.6-bin\apache-maven-3.8.6;C:\Users\anubhav\AppData\Roaming\npm;C:\Users\anubhav\Downloads\Katalon_Studio_Windows_64-8.6.0\Katalon_Studio_Windows_64-8.6.0;
USERNAME=anubhav
OS=Windows_NT
PROCESSOR_IDENTIFIER=Intel64 Family 6 Model 165 Stepping 2, GenuineIntel



---------------  S Y S T E M  ---------------

OS: Windows 10.0 , 64 bit Build 22000 (10.0.22000.1516)

CPU:total 8 (initial active 8) (4 cores per cpu, 2 threads per core) family 6 model 165 stepping 2, cmov, cx8, fxsr, mmx, sse, sse2, sse3, ssse3, sse4.1, sse4.2, popcnt, avx, avx2, aes, clmul, erms, 3dnowpref, lzcnt, ht, tsc, tscinvbit, bmi1, bmi2, adx

Memory: 4k page, physical 8177348k(695988k free), swap 15637940k(4180k free)

vm_info: OpenJDK 64-Bit Server VM (25.282-b08) for windows-amd64 JRE (Zulu 8.52.0.23-CA-win64) (1.8.0_282-b08), built on Jan 12 2021 07:45:49 by "tester" with MS VC++ 10.0 (VS2010)

time: Thu Apr 06 02:12:34 2023
timezone: India Standard Time
elapsed time: 39.286736 seconds (0d 0h 0m 39s)

