#
# There is insufficient memory for the Java Runtime Environment to continue.
# Native memory allocation (malloc) failed to allocate 32744 bytes for ChunkPool::allocate
# Possible reasons:
#   The system is out of physical RAM or swap space
#   The process is running with CompressedOops enabled, and the Java Heap may be blocking the growth of the native heap
# Possible solutions:
#   Reduce memory load on the system
#   Increase physical memory or swap space
#   Check if swap backing store is full
#   Decrease Java heap size (-Xmx/-Xms)
#   Decrease number of Java threads
#   Decrease Java thread stack sizes (-Xss)
#   Set larger code cache with -XX:ReservedCodeCacheSize=
#   JVM is running with Unscaled Compressed Oops mode in which the Java heap is
#     placed in the first 4GB address space. The Java Heap base address is the
#     maximum limit for the native heap growth. Please use -XX:HeapBaseMinAddress
#     to set the Java Heap base and to place the Java Heap above 4GB virtual address.
# This output file may be truncated or incomplete.
#
#  Out of Memory Error (allocation.cpp:272), pid=24928, tid=0x0000000000006700
#
# JRE version: OpenJDK Runtime Environment (Zulu 8.52.0.23-CA-win64) (8.0_282-b08) (build 1.8.0_282-b08)
# Java VM: OpenJDK 64-Bit Server VM (25.282-b08 mixed mode windows-amd64 compressed oops)
# Failed to write core dump. Minidumps are not enabled by default on client versions of Windows
#

---------------  T H R E A D  ---------------

Current thread (0x000000001a316800):  JavaThread "C2 CompilerThread1" daemon [_thread_in_native, id=26368, stack(0x000000001ade0000,0x000000001aee0000)]

Stack: [0x000000001ade0000,0x000000001aee0000]
[error occurred during error reporting (printing stack bounds), id 0xc0000005]

Native frames: (J=compiled Java code, j=interpreted, Vv=VM code, C=native code)


Current CompileTask:
C2:   5751 2687   !   4       org.openqa.selenium.json.Input::init (71 bytes)


---------------  P R O C E S S  ---------------

Java Threads: ( => current thread )
  0x000000001c389800 JavaThread "Okio Watchdog" daemon [_thread_blocked, id=24860, stack(0x0000000021650000,0x0000000021750000)]
  0x000000001e62f000 JavaThread "OkHttp ConnectionPool" daemon [_thread_blocked, id=15676, stack(0x0000000021350000,0x0000000021450000)]
  0x000000001e7c3800 JavaThread "ForkJoinPool.commonPool-worker-3" daemon [_thread_blocked, id=25336, stack(0x0000000021250000,0x0000000021350000)]
  0x000000001e959800 JavaThread "ForkJoinPool.commonPool-worker-2" daemon [_thread_blocked, id=25276, stack(0x0000000021150000,0x0000000021250000)]
  0x000000001c396000 JavaThread "ForkJoinPool.commonPool-worker-1" daemon [_thread_blocked, id=25084, stack(0x0000000021050000,0x0000000021150000)]
  0x000000001c5e9800 JavaThread "Keep-Alive-Timer" daemon [_thread_blocked, id=24892, stack(0x0000000020d50000,0x0000000020e50000)]
  0x000000001e9be000 JavaThread "Exec Stream Pumper" daemon [_thread_in_native, id=16148, stack(0x0000000020c50000,0x0000000020d50000)]
  0x000000001e9bb000 JavaThread "Exec Stream Pumper" daemon [_thread_in_native, id=25664, stack(0x0000000020b50000,0x0000000020c50000)]
  0x000000001c824000 JavaThread "UrlChecker-2" daemon [_thread_blocked, id=11060, stack(0x000000001f8e0000,0x000000001f9e0000)]
  0x000000001c3a7800 JavaThread "Exec Default Executor" daemon [_thread_in_native, id=924, stack(0x000000001f7e0000,0x000000001f8e0000)]
  0x0000000019fde000 JavaThread "Service Thread" daemon [_thread_blocked, id=1280, stack(0x000000001b1e0000,0x000000001b2e0000)]
  0x000000001a31b800 JavaThread "C1 CompilerThread3" daemon [_thread_in_native, id=25324, stack(0x000000001b0e0000,0x000000001b1e0000)]
  0x000000001a317800 JavaThread "C2 CompilerThread2" daemon [_thread_in_native, id=17440, stack(0x000000001aee0000,0x000000001afe0000)]
=>0x000000001a316800 JavaThread "C2 CompilerThread1" daemon [_thread_in_native, id=26368, stack(0x000000001ade0000,0x000000001aee0000)]
  0x000000001a315800 JavaThread "C2 CompilerThread0" daemon [_thread_blocked, id=9112, stack(0x000000001ace0000,0x000000001ade0000)]
  0x000000001a36c800 JavaThread "Attach Listener" daemon [_thread_blocked, id=10400, stack(0x000000001abe0000,0x000000001ace0000)]
  0x000000001a304800 JavaThread "Signal Dispatcher" daemon [_thread_blocked, id=24664, stack(0x000000001aae0000,0x000000001abe0000)]
  0x0000000019c07800 JavaThread "Finalizer" daemon [_thread_blocked, id=12324, stack(0x000000001a0e0000,0x000000001a1e0000)]
  0x0000000019c00800 JavaThread "Reference Handler" daemon [_thread_blocked, id=8744, stack(0x0000000019fe0000,0x000000001a0e0000)]
  0x0000000002cb8800 JavaThread "Forwarding newSession on session null to remote" [_thread_in_vm, id=26000, stack(0x0000000002ba0000,0x0000000002ca0000)]

Other Threads:
  0x0000000017e15000 VMThread [stack: 0x0000000019ae0000,0x0000000019be0000] [id=18060]
  0x000000001a36d800 WatcherThread [stack: 0x000000001b2e0000,0x000000001b3e0000] [id=25192]

VM state:not at safepoint (normal execution)

VM Mutex/Monitor currently owned by a thread: None

heap address: 0x0000000080000000, size: 2048 MB, Compressed Oops mode: 32-bit
Narrow klass base: 0x0000000000000000, Narrow klass shift: 3
Compressed class space size: 1073741824 Address: 0x0000000100000000

Heap:
 PSYoungGen      total 192000K, used 27964K [0x00000000d5580000, 0x00000000e2000000, 0x0000000100000000)
  eden space 181760K, 9% used [0x00000000d5580000,0x00000000d66d4420,0x00000000e0700000)
  from space 10240K, 99% used [0x00000000e1400000,0x00000000e1dfac58,0x00000000e1e00000)
  to   space 12800K, 0% used [0x00000000e0700000,0x00000000e0700000,0x00000000e1380000)
 ParOldGen       total 64000K, used 13169K [0x0000000080000000, 0x0000000083e80000, 0x00000000d5580000)
  object space 64000K, 20% used [0x0000000080000000,0x0000000080cdc7c8,0x0000000083e80000)
 Metaspace       used 29660K, capacity 30528K, committed 30720K, reserved 1077248K
  class space    used 3526K, capacity 3785K, committed 3840K, reserved 1048576K

Card table byte_map: [0x0000000012160000,0x0000000012570000] byte_map_base: 0x0000000011d60000

Marking Bits: (ParMarkBitMap*) 0x0000000073cd1f00
 Begin Bits: [0x0000000013020000, 0x0000000015020000)
 End Bits:   [0x0000000015020000, 0x0000000017020000)

Polling page: 0x00000000027e0000

CodeCache: size=245760Kb used=11382Kb max_used=11387Kb free=234377Kb
 bounds [0x0000000002da0000, 0x00000000038d0000, 0x0000000011da0000]
 total_blobs=3360 nmethods=2671 adapters=600
 compilation: enabled

Compilation events (10 events):
Event: 5.739 Thread 0x000000001a31b800 2683       3       java.util.regex.Pattern$TreeInfo::reset (21 bytes)
Event: 5.739 Thread 0x000000001a31b800 nmethod 2683 0x00000000038b3590 code [0x00000000038b36e0, 0x00000000038b3850]
Event: 5.744 Thread 0x000000001a31b800 2684       1       java.util.stream.ReferencePipeline$StatelessOp::opIsStateful (2 bytes)
Event: 5.745 Thread 0x000000001a31b800 nmethod 2684 0x00000000038add50 code [0x00000000038adea0, 0x00000000038adfb0]
Event: 5.747 Thread 0x000000001a31b800 2685       3       java.util.stream.ReferencePipeline$2$1::accept (27 bytes)
Event: 5.747 Thread 0x000000001a31b800 nmethod 2685 0x00000000038b2fd0 code [0x00000000038b3140, 0x00000000038b3478]
Event: 5.748 Thread 0x000000001a31b800 2686       3       org.openqa.selenium.json.JsonInput::isReadingName (21 bytes)
Event: 5.748 Thread 0x000000001a31b800 nmethod 2686 0x00000000038af790 code [0x00000000038af900, 0x00000000038afb88]
Event: 5.748 Thread 0x000000001a316800 2687   !   4       org.openqa.selenium.json.Input::init (71 bytes)
Event: 5.748 Thread 0x000000001a31b800 2688       3       java.lang.invoke.DirectMethodHandle::shouldBeInitialized (123 bytes)

GC Heap History (10 events):
Event: 1.966 GC heap before
{Heap before GC invocations=5 (full 0):
 PSYoungGen      total 70656K, used 70633K [0x00000000d5580000, 0x00000000d9f80000, 0x0000000100000000)
  eden space 65536K, 100% used [0x00000000d5580000,0x00000000d9580000,0x00000000d9580000)
  from space 5120K, 99% used [0x00000000d9a80000,0x00000000d9f7a670,0x00000000d9f80000)
  to   space 5120K, 0% used [0x00000000d9580000,0x00000000d9580000,0x00000000d9a80000)
 ParOldGen       total 86016K, used 505K [0x0000000080000000, 0x0000000085400000, 0x00000000d5580000)
  object space 86016K, 0% used [0x0000000080000000,0x000000008007e6f8,0x0000000085400000)
 Metaspace       used 17191K, capacity 17440K, committed 17920K, reserved 1064960K
  class space    used 1845K, capacity 1940K, committed 2048K, reserved 1048576K
Event: 1.971 GC heap after
Heap after GC invocations=5 (full 0):
 PSYoungGen      total 70656K, used 5108K [0x00000000d5580000, 0x00000000de680000, 0x0000000100000000)
  eden space 65536K, 0% used [0x00000000d5580000,0x00000000d5580000,0x00000000d9580000)
  from space 5120K, 99% used [0x00000000d9580000,0x00000000d9a7d028,0x00000000d9a80000)
  to   space 8704K, 0% used [0x00000000dde00000,0x00000000dde00000,0x00000000de680000)
 ParOldGen       total 86016K, used 3985K [0x0000000080000000, 0x0000000085400000, 0x00000000d5580000)
  object space 86016K, 4% used [0x0000000080000000,0x00000000803e4598,0x0000000085400000)
 Metaspace       used 17191K, capacity 17440K, committed 17920K, reserved 1064960K
  class space    used 1845K, capacity 1940K, committed 2048K, reserved 1048576K
}
Event: 2.499 GC heap before
{Heap before GC invocations=6 (full 0):
 PSYoungGen      total 70656K, used 67471K [0x00000000d5580000, 0x00000000de680000, 0x0000000100000000)
  eden space 65536K, 95% used [0x00000000d5580000,0x00000000d9266e20,0x00000000d9580000)
  from space 5120K, 99% used [0x00000000d9580000,0x00000000d9a7d028,0x00000000d9a80000)
  to   space 8704K, 0% used [0x00000000dde00000,0x00000000dde00000,0x00000000de680000)
 ParOldGen       total 86016K, used 3985K [0x0000000080000000, 0x0000000085400000, 0x00000000d5580000)
  object space 86016K, 4% used [0x0000000080000000,0x00000000803e4598,0x0000000085400000)
 Metaspace       used 20769K, capacity 21014K, committed 21296K, reserved 1069056K
  class space    used 2311K, capacity 2425K, committed 2432K, reserved 1048576K
Event: 2.506 GC heap after
Heap after GC invocations=6 (full 0):
 PSYoungGen      total 138752K, used 8679K [0x00000000d5580000, 0x00000000de880000, 0x0000000100000000)
  eden space 130048K, 0% used [0x00000000d5580000,0x00000000d5580000,0x00000000dd480000)
  from space 8704K, 99% used [0x00000000dde00000,0x00000000de679da8,0x00000000de680000)
  to   space 9728K, 0% used [0x00000000dd480000,0x00000000dd480000,0x00000000dde00000)
 ParOldGen       total 86016K, used 4302K [0x0000000080000000, 0x0000000085400000, 0x00000000d5580000)
  object space 86016K, 5% used [0x0000000080000000,0x00000000804339b8,0x0000000085400000)
 Metaspace       used 20769K, capacity 21014K, committed 21296K, reserved 1069056K
  class space    used 2311K, capacity 2425K, committed 2432K, reserved 1048576K
}
Event: 2.506 GC heap before
{Heap before GC invocations=7 (full 1):
 PSYoungGen      total 138752K, used 8679K [0x00000000d5580000, 0x00000000de880000, 0x0000000100000000)
  eden space 130048K, 0% used [0x00000000d5580000,0x00000000d5580000,0x00000000dd480000)
  from space 8704K, 99% used [0x00000000dde00000,0x00000000de679da8,0x00000000de680000)
  to   space 9728K, 0% used [0x00000000dd480000,0x00000000dd480000,0x00000000dde00000)
 ParOldGen       total 86016K, used 4302K [0x0000000080000000, 0x0000000085400000, 0x00000000d5580000)
  object space 86016K, 5% used [0x0000000080000000,0x00000000804339b8,0x0000000085400000)
 Metaspace       used 20769K, capacity 21014K, committed 21296K, reserved 1069056K
  class space    used 2311K, capacity 2425K, committed 2432K, reserved 1048576K
Event: 2.545 GC heap after
Heap after GC invocations=7 (full 1):
 PSYoungGen      total 138752K, used 0K [0x00000000d5580000, 0x00000000de880000, 0x0000000100000000)
  eden space 130048K, 0% used [0x00000000d5580000,0x00000000d5580000,0x00000000dd480000)
  from space 8704K, 0% used [0x00000000dde00000,0x00000000dde00000,0x00000000de680000)
  to   space 9728K, 0% used [0x00000000dd480000,0x00000000dd480000,0x00000000dde00000)
 ParOldGen       total 64000K, used 10625K [0x0000000080000000, 0x0000000083e80000, 0x00000000d5580000)
  object space 64000K, 16% used [0x0000000080000000,0x0000000080a60430,0x0000000083e80000)
 Metaspace       used 20769K, capacity 21014K, committed 21296K, reserved 1069056K
  class space    used 2311K, capacity 2425K, committed 2432K, reserved 1048576K
}
Event: 3.074 GC heap before
{Heap before GC invocations=8 (full 1):
 PSYoungGen      total 138752K, used 130048K [0x00000000d5580000, 0x00000000de880000, 0x0000000100000000)
  eden space 130048K, 100% used [0x00000000d5580000,0x00000000dd480000,0x00000000dd480000)
  from space 8704K, 0% used [0x00000000dde00000,0x00000000dde00000,0x00000000de680000)
  to   space 9728K, 0% used [0x00000000dd480000,0x00000000dd480000,0x00000000dde00000)
 ParOldGen       total 64000K, used 10625K [0x0000000080000000, 0x0000000083e80000, 0x00000000d5580000)
  object space 64000K, 16% used [0x0000000080000000,0x0000000080a60430,0x0000000083e80000)
 Metaspace       used 22062K, capacity 22334K, committed 22704K, reserved 1069056K
  class space    used 2418K, capacity 2542K, committed 2560K, reserved 1048576K
Event: 3.076 GC heap after
Heap after GC invocations=8 (full 1):
 PSYoungGen      total 139776K, used 2725K [0x00000000d5580000, 0x00000000e1e00000, 0x0000000100000000)
  eden space 130048K, 0% used [0x00000000d5580000,0x00000000d5580000,0x00000000dd480000)
  from space 9728K, 28% used [0x00000000dd480000,0x00000000dd7296e0,0x00000000dde00000)
  to   space 10240K, 0% used [0x00000000e1400000,0x00000000e1400000,0x00000000e1e00000)
 ParOldGen       total 64000K, used 10633K [0x0000000080000000, 0x0000000083e80000, 0x00000000d5580000)
  object space 64000K, 16% used [0x0000000080000000,0x0000000080a62430,0x0000000083e80000)
 Metaspace       used 22062K, capacity 22334K, committed 22704K, reserved 1069056K
  class space    used 2418K, capacity 2542K, committed 2560K, reserved 1048576K
}
Event: 4.876 GC heap before
{Heap before GC invocations=9 (full 1):
 PSYoungGen      total 139776K, used 132773K [0x00000000d5580000, 0x00000000e1e00000, 0x0000000100000000)
  eden space 130048K, 100% used [0x00000000d5580000,0x00000000dd480000,0x00000000dd480000)
  from space 9728K, 28% used [0x00000000dd480000,0x00000000dd7296e0,0x00000000dde00000)
  to   space 10240K, 0% used [0x00000000e1400000,0x00000000e1400000,0x00000000e1e00000)
 ParOldGen       total 64000K, used 10633K [0x0000000080000000, 0x0000000083e80000, 0x00000000d5580000)
  object space 64000K, 16% used [0x0000000080000000,0x0000000080a62430,0x0000000083e80000)
 Metaspace       used 28327K, capacity 29074K, committed 29184K, reserved 1075200K
  class space    used 3337K, capacity 3558K, committed 3584K, reserved 1048576K
Event: 4.889 GC heap after
Heap after GC invocations=9 (full 1):
 PSYoungGen      total 192000K, used 10219K [0x00000000d5580000, 0x00000000e2000000, 0x0000000100000000)
  eden space 181760K, 0% used [0x00000000d5580000,0x00000000d5580000,0x00000000e0700000)
  from space 10240K, 99% used [0x00000000e1400000,0x00000000e1dfac58,0x00000000e1e00000)
  to   space 12800K, 0% used [0x00000000e0700000,0x00000000e0700000,0x00000000e1380000)
 ParOldGen       total 64000K, used 13169K [0x0000000080000000, 0x0000000083e80000, 0x00000000d5580000)
  object space 64000K, 20% used [0x0000000080000000,0x0000000080cdc7c8,0x0000000083e80000)
 Metaspace       used 28327K, capacity 29074K, committed 29184K, reserved 1075200K
  class space    used 3337K, capacity 3558K, committed 3584K, reserved 1048576K
}

Deoptimization events (10 events):
Event: 4.894 Thread 0x0000000002cb8800 Uncommon trap: reason=unstable_if action=reinterpret pc=0x00000000036e02ec method=java.util.regex.Pattern$CharProperty.match(Ljava/util/regex/Matcher;ILjava/lang/CharSequence;)Z @ 21
Event: 4.977 Thread 0x0000000002cb8800 Uncommon trap: reason=class_check action=maybe_recompile pc=0x00000000037e7a58 method=java.io.DataInputStream.readChar()C @ 4
Event: 4.977 Thread 0x0000000002cb8800 Uncommon trap: reason=class_check action=maybe_recompile pc=0x00000000037e7a58 method=java.io.DataInputStream.readChar()C @ 4
Event: 4.977 Thread 0x0000000002cb8800 Uncommon trap: reason=class_check action=maybe_recompile pc=0x00000000037e7a58 method=java.io.DataInputStream.readChar()C @ 4
Event: 4.977 Thread 0x0000000002cb8800 Uncommon trap: reason=class_check action=maybe_recompile pc=0x00000000037e7a58 method=java.io.DataInputStream.readChar()C @ 4
Event: 4.984 Thread 0x0000000002cb8800 Uncommon trap: reason=unstable_if action=reinterpret pc=0x000000000388d290 method=java.lang.String.regionMatches(ZILjava/lang/String;II)Z @ 123
Event: 5.747 Thread 0x0000000002cb8800 Uncommon trap: reason=class_check action=maybe_recompile pc=0x000000000385ee84 method=org.openqa.selenium.json.Input.init()V @ 18
Event: 5.747 Thread 0x0000000002cb8800 Uncommon trap: reason=class_check action=maybe_recompile pc=0x000000000385ee84 method=org.openqa.selenium.json.Input.init()V @ 18
Event: 5.748 Thread 0x0000000002cb8800 Uncommon trap: reason=class_check action=maybe_recompile pc=0x000000000385ee84 method=org.openqa.selenium.json.Input.init()V @ 18
Event: 5.748 Thread 0x0000000002cb8800 Uncommon trap: reason=class_check action=maybe_recompile pc=0x000000000385ee84 method=org.openqa.selenium.json.Input.init()V @ 18

Classes redefined (0 events):
No events

Internal exceptions (10 events):
Event: 3.405 Thread 0x0000000002cb8800 Exception <a 'java/lang/ClassNotFoundException': com/kms/katalon/core/webui/keyword/internal/WebUIAbstractKeywordCustomizer> (0x00000000d9b398d0) thrown at [C:\jenkins\workspace\zulu8-silver-build-win64\zulu-src\hotspot\src\share\vm\classfile\systemDictio
Event: 3.408 Thread 0x0000000002cb8800 Exception <a 'java/lang/ClassNotFoundException': com/kms/katalon/core/webui/keyword/builtin/OpenBrowserKeywordCustomizer> (0x00000000d9c285f8) thrown at [C:\jenkins\workspace\zulu8-silver-build-win64\zulu-src\hotspot\src\share\vm\classfile\systemDictionar
Event: 3.412 Thread 0x0000000002cb8800 Exception <a 'java/lang/ClassNotFoundException': com/kms/katalon/core/logging/KeywordLoggerBeanInfo> (0x00000000d9d27ee8) thrown at [C:\jenkins\workspace\zulu8-silver-build-win64\zulu-src\hotspot\src\share\vm\classfile\systemDictionary.cpp, line 220]
Event: 3.415 Thread 0x0000000002cb8800 Exception <a 'java/lang/ClassNotFoundException': com/kms/katalon/core/logging/KeywordLoggerCustomizer> (0x00000000d9de6c10) thrown at [C:\jenkins\workspace\zulu8-silver-build-win64\zulu-src\hotspot\src\share\vm\classfile\systemDictionary.cpp, line 220]
Event: 3.431 Thread 0x0000000002cb8800 Exception <a 'java/lang/ClassNotFoundException': com/kms/katalon/core/webui/keyword/builtin/InternalSmartWaitGroovyWrapperBeanInfo> (0x00000000da0b3fe8) thrown at [C:\jenkins\workspace\zulu8-silver-build-win64\zulu-src\hotspot\src\share\vm\classfile\syste
Event: 3.434 Thread 0x0000000002cb8800 Exception <a 'java/lang/ClassNotFoundException': com/kms/katalon/core/webui/keyword/builtin/InternalSmartWaitGroovyWrapperCustomizer> (0x00000000da1b79a8) thrown at [C:\jenkins\workspace\zulu8-silver-build-win64\zulu-src\hotspot\src\share\vm\classfile\sys
Event: 4.679 Thread 0x000000001c824000 Exception <a 'java/net/SocketTimeoutException': connect timed out> (0x00000000dc248310) thrown at [C:\jenkins\workspace\zulu8-silver-build-win64\zulu-src\hotspot\src\share\vm\prims\jni.cpp, line 738]
Event: 4.715 Thread 0x0000000002cb8800 Exception <a 'java/lang/IncompatibleClassChangeError': Found class java.lang.Object, but interface was expected> (0x00000000dc719e68) thrown at [C:\jenkins\workspace\zulu8-silver-build-win64\zulu-src\hotspot\src\share\vm\interpreter\linkResolver.cpp, line
Event: 4.718 Thread 0x0000000002cb8800 Exception <a 'java/lang/NoSuchMethodError': java.lang.Object.lambda$or$2(Ljava/util/function/Predicate;Ljava/lang/Object;)Z> (0x00000000dc7365c8) thrown at [C:\jenkins\workspace\zulu8-silver-build-win64\zulu-src\hotspot\src\share\vm\interpreter\linkResolv
Event: 4.774 Thread 0x0000000002cb8800 Exception <a 'java/lang/NoSuchMethodError': java.lang.Object.lambda$chars$0()Ljava/util/Spliterator$OfInt;> (0x00000000dcac44c0) thrown at [C:\jenkins\workspace\zulu8-silver-build-win64\zulu-src\hotspot\src\share\vm\interpreter\linkResolver.cpp, line 620]

Events (10 events):
Event: 5.748 Thread 0x0000000002cb8800 Uncommon trap: trap_request=0xffffffde fr.pc=0x000000000385ee84
Event: 5.748 Thread 0x0000000002cb8800 DEOPT PACKING pc=0x000000000385ee84 sp=0x0000000002c9c670
Event: 5.748 Thread 0x0000000002cb8800 DEOPT UNPACKING pc=0x0000000002de567b sp=0x0000000002c9c670 mode 2
Event: 5.748 Thread 0x0000000002cb8800 Uncommon trap: trap_request=0xffffffde fr.pc=0x000000000385ee84
Event: 5.748 Thread 0x0000000002cb8800 DEOPT PACKING pc=0x000000000385ee84 sp=0x0000000002c9c670
Event: 5.748 Thread 0x0000000002cb8800 DEOPT UNPACKING pc=0x0000000002de567b sp=0x0000000002c9c670 mode 2
Event: 5.748 loading class org/openqa/selenium/json/JsonInput
Event: 5.748 loading class org/openqa/selenium/json/JsonInput done
Event: 5.748 loading class org/openqa/selenium/json/JsonInput
Event: 5.748 loading class org/openqa/selenium/json/JsonInput done


Dynamic libraries:
0x00007ff7c65f0000 - 0x00007ff7c6625000 	C:\Users\anubhav\Downloads\Katalon_Studio_Windows_64-8.6.0\Katalon_Studio_Windows_64-8.6.0\jre\bin\javaw.exe
0x00007ffaa1f40000 - 0x00007ffaa2149000 	C:\WINDOWS\SYSTEM32\ntdll.dll
0x00007ffaa0500000 - 0x00007ffaa05be000 	C:\WINDOWS\System32\KERNEL32.DLL
0x00007ffa9f620000 - 0x00007ffa9f99c000 	C:\WINDOWS\System32\KERNELBASE.dll
0x00007ffa9c3b0000 - 0x00007ffa9c441000 	C:\WINDOWS\SYSTEM32\apphelp.dll
0x00007ffaa0eb0000 - 0x00007ffaa0f5e000 	C:\WINDOWS\System32\ADVAPI32.dll
0x00007ffaa1100000 - 0x00007ffaa11a3000 	C:\WINDOWS\System32\msvcrt.dll
0x00007ffaa0da0000 - 0x00007ffaa0e3e000 	C:\WINDOWS\System32\sechost.dll
0x00007ffa9fed0000 - 0x00007ffa9fff0000 	C:\WINDOWS\System32\RPCRT4.dll
0x00007ffaa05c0000 - 0x00007ffaa076d000 	C:\WINDOWS\System32\USER32.dll
0x00007ffa9fa40000 - 0x00007ffa9fa66000 	C:\WINDOWS\System32\win32u.dll
0x00007ffaa03c0000 - 0x00007ffaa03e9000 	C:\WINDOWS\System32\GDI32.dll
0x00007ffa9fca0000 - 0x00007ffa9fdb8000 	C:\WINDOWS\System32\gdi32full.dll
0x00007ffa9f9a0000 - 0x00007ffa9fa3d000 	C:\WINDOWS\System32\msvcp_win.dll
0x00007ffa9f480000 - 0x00007ffa9f591000 	C:\WINDOWS\System32\ucrtbase.dll
0x00007ffa83dd0000 - 0x00007ffa84075000 	C:\WINDOWS\WinSxS\amd64_microsoft.windows.common-controls_6595b64144ccf1df_6.0.22000.120_none_9d947278b86cc467\COMCTL32.dll
0x00007ffaa1ec0000 - 0x00007ffaa1ef1000 	C:\WINDOWS\System32\IMM32.DLL
0x00000000732d0000 - 0x00000000733a2000 	C:\Users\anubhav\Downloads\Katalon_Studio_Windows_64-8.6.0\Katalon_Studio_Windows_64-8.6.0\jre\bin\msvcr100.dll
0x0000000073490000 - 0x0000000073d55000 	C:\Users\anubhav\Downloads\Katalon_Studio_Windows_64-8.6.0\Katalon_Studio_Windows_64-8.6.0\jre\bin\server\jvm.dll
0x00007ffa9fdc0000 - 0x00007ffa9fdc8000 	C:\WINDOWS\System32\PSAPI.DLL
0x00007ffa97780000 - 0x00007ffa97789000 	C:\WINDOWS\SYSTEM32\WSOCK32.dll
0x00007ffa95f40000 - 0x00007ffa95f4a000 	C:\WINDOWS\SYSTEM32\VERSION.dll
0x00007ffa9cb60000 - 0x00007ffa9cb93000 	C:\WINDOWS\SYSTEM32\WINMM.dll
0x00007ffaa0e40000 - 0x00007ffaa0eaf000 	C:\WINDOWS\System32\WS2_32.dll
0x00007ffa8d530000 - 0x00007ffa8d53f000 	C:\Users\anubhav\Downloads\Katalon_Studio_Windows_64-8.6.0\Katalon_Studio_Windows_64-8.6.0\jre\bin\verify.dll
0x00007ffa57620000 - 0x00007ffa57649000 	C:\Users\anubhav\Downloads\Katalon_Studio_Windows_64-8.6.0\Katalon_Studio_Windows_64-8.6.0\jre\bin\java.dll
0x00007ffa68950000 - 0x00007ffa68966000 	C:\Users\anubhav\Downloads\Katalon_Studio_Windows_64-8.6.0\Katalon_Studio_Windows_64-8.6.0\jre\bin\zip.dll
0x00007ffaa15c0000 - 0x00007ffaa1d85000 	C:\WINDOWS\System32\SHELL32.dll
0x00007ffa9d510000 - 0x00007ffa9dd75000 	C:\WINDOWS\SYSTEM32\windows.storage.dll
0x00007ffaa11c0000 - 0x00007ffaa1536000 	C:\WINDOWS\System32\combase.dll
0x00007ffa9d3a0000 - 0x00007ffa9d506000 	C:\WINDOWS\SYSTEM32\wintypes.dll
0x00007ffaa0410000 - 0x00007ffaa04fa000 	C:\WINDOWS\System32\SHCORE.dll
0x00007ffaa1040000 - 0x00007ffaa109d000 	C:\WINDOWS\System32\shlwapi.dll
0x00007ffa9f340000 - 0x00007ffa9f361000 	C:\WINDOWS\SYSTEM32\profapi.dll
0x00007ffa57600000 - 0x00007ffa5761b000 	C:\Users\anubhav\Downloads\Katalon_Studio_Windows_64-8.6.0\Katalon_Studio_Windows_64-8.6.0\jre\bin\net.dll
0x00007ffa9ea20000 - 0x00007ffa9ea87000 	C:\WINDOWS\system32\mswsock.dll
0x00007ffa57540000 - 0x00007ffa57551000 	C:\Users\anubhav\Downloads\Katalon_Studio_Windows_64-8.6.0\Katalon_Studio_Windows_64-8.6.0\jre\bin\nio.dll
0x00007ffa9e120000 - 0x00007ffa9e208000 	C:\WINDOWS\SYSTEM32\DNSAPI.dll
0x00007ffa9e0b0000 - 0x00007ffa9e0dd000 	C:\WINDOWS\SYSTEM32\IPHLPAPI.DLL
0x00007ffaa11b0000 - 0x00007ffaa11b9000 	C:\WINDOWS\System32\NSI.dll
0x00007ffa95aa0000 - 0x00007ffa95aaa000 	C:\Windows\System32\rasadhlp.dll
0x00007ffa95850000 - 0x00007ffa958d1000 	C:\WINDOWS\System32\fwpuclnt.dll
0x00007ffa4ec30000 - 0x00007ffa4ec54000 	C:\Users\anubhav\Downloads\Katalon_Studio_Windows_64-8.6.0\Katalon_Studio_Windows_64-8.6.0\jre\bin\sunec.dll
0x00007ffa8cc00000 - 0x00007ffa8cc0c000 	C:\Users\anubhav\Downloads\Katalon_Studio_Windows_64-8.6.0\Katalon_Studio_Windows_64-8.6.0\jre\bin\sunmscapi.dll
0x00007ffa9fa70000 - 0x00007ffa9fbd2000 	C:\WINDOWS\System32\CRYPT32.dll
0x00007ffa9edc0000 - 0x00007ffa9ede8000 	C:\WINDOWS\SYSTEM32\ncrypt.dll
0x00007ffa9ed80000 - 0x00007ffa9edb7000 	C:\WINDOWS\SYSTEM32\NTASN1.dll
0x00007ffa9ec60000 - 0x00007ffa9ec78000 	C:\WINDOWS\SYSTEM32\CRYPTSP.dll
0x00007ffa9e4e0000 - 0x00007ffa9e515000 	C:\WINDOWS\system32\rsaenh.dll
0x00007ffa9eb10000 - 0x00007ffa9eb39000 	C:\WINDOWS\SYSTEM32\USERENV.dll
0x00007ffa9edf0000 - 0x00007ffa9ee17000 	C:\WINDOWS\SYSTEM32\bcrypt.dll
0x00007ffa9f5a0000 - 0x00007ffa9f61f000 	C:\WINDOWS\System32\bcryptprimitives.dll
0x00007ffa9ec80000 - 0x00007ffa9ec8c000 	C:\WINDOWS\SYSTEM32\CRYPTBASE.dll
0x00007ffa94d60000 - 0x00007ffa94d79000 	C:\WINDOWS\SYSTEM32\dhcpcsvc6.DLL
0x00007ffa962e0000 - 0x00007ffa962fe000 	C:\WINDOWS\SYSTEM32\dhcpcsvc.DLL

VM Arguments:
jvm_args: -Dgroovy.home=C:\Users\anubhav/.groovy -Djava.system.class.loader=groovy.lang.GroovyClassLoader -Xmx2048m -Dfile.encoding=UTF-8 
java_command: org.codehaus.groovy.tools.GroovyStarter --classpath D:\Projects\Katalon\TrainingProject1\bin\keyword;D:\Projects\Katalon\TrainingProject1\Keywords;D:\Projects\Katalon\TrainingProject1\bin\listener;D:\Projects\Katalon\TrainingProject1\Test Listeners;D:\Projects\Katalon\TrainingProject1\bin\lib;D:\Projects\Katalon\TrainingProject1\Libs;D:\Projects\Katalon\TrainingProject1\bin\groovy;D:\Projects\Katalon\TrainingProject1\Include\scripts\groovy;C:\Users\anubhav\Downloads\Katalon_Studio_Windows_64-8.6.0\Katalon_Studio_Windows_64-8.6.0\plugins\com.kms.katalon.core_1.0.0.202303100818.jar;C:\Users\anubhav\Downloads\Katalon_Studio_Windows_64-8.6.0\Katalon_Studio_Windows_64-8.6.0\configuration\resources\lib\aalto-xml-1.0.0.jar;C:\Users\anubhav\Downloads\Katalon_Studio_Windows_64-8.6.0\Katalon_Studio_Windows_64-8.6.0\configuration\resources\lib\aspectjweaver-1.9.1.jar;C:\Users\anubhav\Downloads\Katalon_Studio_Windows_64-8.6.0\Katalon_Studio_Windows_64-8.6.0\configuration\resources\lib\bcpkix-jdk15on-1.64.jar;C:\Users\anubhav\Downloads\Katalon_Studio_Windows_64-8.6.0\Katalon_Studio_Windows_64-8.6.0\configuration\resources\lib\bcprov-jdk15on-1.64.jar;C:\Users\anubhav\Downloads\Katalon_Studio_Windows_64-8.6.0\Katalon_Studio_Windows_64-8.6.0\configuration\resources\lib\browsermob-core-2.1.5.jar;C:\Users\anubhav\Downloads\Katalon_Studio_Windows_64-8.6.0\Katalon_Studio_Windows_64-8.6.0\configuration\resources\lib\cglib-3.2.10.jar;C:\Users\anubhav\Downloads\Katalon_Studio_Windows_64-8.6.0\Katalon_Studio_Windows_64-8.6.0\configuration\resources\lib\commons-codec-1.10.jar;C:\Users\anubhav\Downloads\Katalon_Studio_Windows_64-8.6.0\Katalon_Studio_Windows_64-8.6.0\configuration\resources\lib\commons-collections4-4.1.jar;C:\Users\anubhav\Downloads\Katalon_Studio_Windows_64-8.6.0\Katalon_Studio_Windows_64-8.6.0\configuration\resources\lib\commons-validator-1.6.jar;C:\Users\anubhav\Downloads\Katalon_Studio_Windows_64-8.6.0\Katalon_Studio_Windows_64-8.6.0\configuration\resource
java_class_path (initial): D:\Projects\Katalon\TrainingProject1\bin\keyword;D:\Projects\Katalon\TrainingProject1\bin\listener;D:\Projects\Katalon\TrainingProject1\bin\lib;D:\Projects\Katalon\TrainingProject1\bin\groovy;D:\Projects\Katalon\TrainingProject1\bin;C:\Users\anubhav\Downloads\Katalon_Studio_Windows_64-8.6.0\Katalon_Studio_Windows_64-8.6.0\plugins\com.kms.katalon.core_1.0.0.202303100818.jar;C:\Users\anubhav\Downloads\Katalon_Studio_Windows_64-8.6.0\Katalon_Studio_Windows_64-8.6.0\configuration\resources\lib\aalto-xml-1.0.0.jar;C:\Users\anubhav\Downloads\Katalon_Studio_Windows_64-8.6.0\Katalon_Studio_Windows_64-8.6.0\configuration\resources\lib\aspectjweaver-1.9.1.jar;C:\Users\anubhav\Downloads\Katalon_Studio_Windows_64-8.6.0\Katalon_Studio_Windows_64-8.6.0\configuration\resources\lib\bcpkix-jdk15on-1.64.jar;C:\Users\anubhav\Downloads\Katalon_Studio_Windows_64-8.6.0\Katalon_Studio_Windows_64-8.6.0\configuration\resources\lib\bcprov-jdk15on-1.64.jar;C:\Users\anubhav\Downloads\Katalon_Studio_Windows_64-8.6.0\Katalon_Studio_Windows_64-8.6.0\configuration\resources\lib\browsermob-core-2.1.5.jar;C:\Users\anubhav\Downloads\Katalon_Studio_Windows_64-8.6.0\Katalon_Studio_Windows_64-8.6.0\configuration\resources\lib\cglib-3.2.10.jar;C:\Users\anubhav\Downloads\Katalon_Studio_Windows_64-8.6.0\Katalon_Studio_Windows_64-8.6.0\configuration\resources\lib\commons-codec-1.10.jar;C:\Users\anubhav\Downloads\Katalon_Studio_Windows_64-8.6.0\Katalon_Studio_Windows_64-8.6.0\configuration\resources\lib\commons-collections4-4.1.jar;C:\Users\anubhav\Downloads\Katalon_Studio_Windows_64-8.6.0\Katalon_Studio_Windows_64-8.6.0\configuration\resources\lib\commons-validator-1.6.jar;C:\Users\anubhav\Downloads\Katalon_Studio_Windows_64-8.6.0\Katalon_Studio_Windows_64-8.6.0\configuration\resources\lib\curvesapi-1.04.jar;C:\Users\anubhav\Downloads\Katalon_Studio_Windows_64-8.6.0\Katalon_Studio_Windows_64-8.6.0\configuration\resources\lib\dnsjava-2.1.8.jar;C:\Users\anubhav\Downloads\Katalon_S
Launcher Type: SUN_STANDARD

Environment Variables:
JAVA_HOME=C:\Program Files\Java\jdk-17
PATH=C:/Users/anubhav/Downloads/Katalon_Studio_Windows_64-8.6.0/Katalon_Studio_Windows_64-8.6.0/jre/bin/server;C:/Users/anubhav/Downloads/Katalon_Studio_Windows_64-8.6.0/Katalon_Studio_Windows_64-8.6.0/jre/bin;C:/Users/anubhav/Downloads/Katalon_Studio_Windows_64-8.6.0/Katalon_Studio_Windows_64-8.6.0/jre/lib/amd64;C:\Program Files\Common Files\Oracle\Java\javapath;D:\oracle\product\10.2.0\db_3\bin;D:\oracle\product\10.2.0\db_2\bin;D:\oracle\product\10.2.0\db_1\bin;D:\oracle\product\10.2.0\db_4\bin;D:\oracle\product\10.2.0\db_6\bin;D:\oracle\product\10.2.0\db_5\bin;C:\Windows\system32;C:\Windows;C:\Windows\System32\Wbem;C:\Windows\System32\WindowsPowerShell\v1.0\;C:\Windows\System32\OpenSSH\;C:\Program Files (x86)\NVIDIA Corporation\PhysX\Common;C:\Program Files\NVIDIA Corporation\NVIDIA NvDLISR;C:\Program Files\Common Files\Autodesk Shared\;C:\WINDOWS\system32;C:\WINDOWS;C:\WINDOWS\System32\Wbem;C:\WINDOWS\System32\WindowsPowerShell\v1.0\;C:\WINDOWS\System32\OpenSSH\;C:\Program Files\dotnet\;C:\Program Files\apache-maven-3.8.4\bin;C:\Program Files\apache-maven-3.8.6-bin\apache-maven-3.8.6\bin;C:\Program Files\Git\cmd;C:\Program Files\nodejs\;C:\Program Files\Java\jdk-17\bin;C:\Users\anubhav\AppData\Local\Programs\Python\Python310\Scripts\;C:\Users\anubhav\AppData\Local\Programs\Python\Python310\;C:\Users\anubhav\AppData\Local\Microsoft\WindowsApps;C:\Users\anubhav\AppData\Local\Programs\Microsoft VS Code\bin;C:\Program Files\apache-maven-3.8.6-bin\apache-maven-3.8.6;C:\Users\anubhav\AppData\Roaming\npm;C:\Users\anubhav\Downloads\Katalon_Studio_Windows_64-8.6.0\Katalon_Studio_Windows_64-8.6.0;
USERNAME=anubhav
OS=Windows_NT
PROCESSOR_IDENTIFIER=Intel64 Family 6 Model 165 Stepping 2, GenuineIntel



---------------  S Y S T E M  ---------------

OS: Windows 10.0 , 64 bit Build 22000 (10.0.22000.1516)

CPU:total 8 (initial active 8) (4 cores per cpu, 2 threads per core) family 6 model 165 stepping 2, cmov, cx8, fxsr, mmx, sse, sse2, sse3, ssse3, sse4.1, sse4.2, popcnt, avx, avx2, aes, clmul, erms, 3dnowpref, lzcnt, ht, tsc, tscinvbit, bmi1, bmi2, adx

Memory: 4k page, physical 8177348k(741816k free), swap 15637940k(3020k free)

vm_info: OpenJDK 64-Bit Server VM (25.282-b08) for windows-amd64 JRE (Zulu 8.52.0.23-CA-win64) (1.8.0_282-b08), built on Jan 12 2021 07:45:49 by "tester" with MS VC++ 10.0 (VS2010)

time: Thu Apr 06 02:18:55 2023
timezone: India Standard Time
elapsed time: 5.761987 seconds (0d 0h 0m 5s)

